<?xml version="1.0" encoding="UTF-8"?>
<testsuite xmlns:xsi="http://www.w3.org/2001/XMLSchema-instance" xsi:noNamespaceSchemaLocation="https://maven.apache.org/surefire/maven-surefire-plugin/xsd/surefire-test-report.xsd" name="TestUserServlet" time="0.017" tests="1" errors="0" skipped="0" failures="0">
  <properties>
    <property name="sun.desktop" value="windows"/>
    <property name="awt.toolkit" value="sun.awt.windows.WToolkit"/>
    <property name="file.encoding.pkg" value="sun.io"/>
    <property name="java.specification.version" value="1.8"/>
    <property name="sun.cpu.isalist" value="amd64"/>
    <property name="sun.jnu.encoding" value="GBK"/>
    <property name="java.class.path" value="C:\Users\xinyingquan\IdeaProjects\realtimelogs\target\test-classes;C:\Users\xinyingquan\IdeaProjects\realtimelogs\target\classes;C:\Users\xinyingquan\.m2\repository\junit\junit\4.11\junit-4.11.jar;C:\Users\xinyingquan\.m2\repository\org\hamcrest\hamcrest-core\1.3\hamcrest-core-1.3.jar;C:\Users\xinyingquan\.m2\repository\javax\servlet\javax.servlet-api\3.1.0\javax.servlet-api-3.1.0.jar;C:\Users\xinyingquan\.m2\repository\com\fasterxml\jackson\core\jackson-databind\2.3.3\jackson-databind-2.3.3.jar;C:\Users\xinyingquan\.m2\repository\com\fasterxml\jackson\core\jackson-core\2.3.3\jackson-core-2.3.3.jar;C:\Users\xinyingquan\.m2\repository\com\fasterxml\jackson\core\jackson-annotations\2.3.3\jackson-annotations-2.3.3.jar;C:\Users\xinyingquan\.m2\repository\org\jvnet\hudson\trilead-ssh2\build212-hudson-6\trilead-ssh2-build212-hudson-6.jar;C:\Users\xinyingquan\.m2\repository\org\postgresql\postgresql\42.1.1\postgresql-42.1.1.jar;C:\Users\xinyingquan\.m2\repository\com\alibaba\druid\1.0.9\druid-1.0.9.jar;C:\Program Files\Java\jdk1.8.0_101\jre\..\lib\jconsole.jar;C:\Program Files\Java\jdk1.8.0_101\jre\..\lib\tools.jar;C:\Users\xinyingquan\.m2\repository\org\springframework\spring-core\4.1.2.RELEASE\spring-core-4.1.2.RELEASE.jar;C:\Users\xinyingquan\.m2\repository\org\springframework\spring-jdbc\4.1.2.RELEASE\spring-jdbc-4.1.2.RELEASE.jar;C:\Users\xinyingquan\.m2\repository\org\springframework\spring-tx\4.1.2.RELEASE\spring-tx-4.1.2.RELEASE.jar;C:\Users\xinyingquan\.m2\repository\org\springframework\spring-beans\4.1.2.RELEASE\spring-beans-4.1.2.RELEASE.jar;C:\Users\xinyingquan\.m2\repository\commons-logging\commons-logging\1.1.1\commons-logging-1.1.1.jar;C:\Users\xinyingquan\.m2\repository\commons-beanutils\commons-beanutils\1.9.2\commons-beanutils-1.9.2.jar;C:\Users\xinyingquan\.m2\repository\commons-collections\commons-collections\3.2.1\commons-collections-3.2.1.jar;"/>
    <property name="java.vm.vendor" value="Oracle Corporation"/>
    <property name="sun.arch.data.model" value="64"/>
    <property name="user.variant" value=""/>
    <property name="java.vendor.url" value="http://java.oracle.com/"/>
    <property name="user.timezone" value="Asia/Shanghai"/>
    <property name="java.vm.specification.version" value="1.8"/>
    <property name="os.name" value="Windows 10"/>
    <property name="user.country" value="CN"/>
    <property name="sun.java.launcher" value="SUN_STANDARD"/>
    <property name="sun.boot.library.path" value="C:\Program Files\Java\jdk1.8.0_101\jre\bin"/>
    <property name="sun.java.command" value="C:\Users\xinyingquan\AppData\Local\Temp\surefire4091800682857958211\surefirebooter9051176413422122926.jar C:\Users\xinyingquan\AppData\Local\Temp\surefire4091800682857958211 2020-09-25T12-44-30_049-jvmRun1 surefire6346892274141670326tmp surefire_01176611180880650255tmp"/>
    <property name="surefire.test.class.path" value="C:\Users\xinyingquan\IdeaProjects\realtimelogs\target\test-classes;C:\Users\xinyingquan\IdeaProjects\realtimelogs\target\classes;C:\Users\xinyingquan\.m2\repository\junit\junit\4.11\junit-4.11.jar;C:\Users\xinyingquan\.m2\repository\org\hamcrest\hamcrest-core\1.3\hamcrest-core-1.3.jar;C:\Users\xinyingquan\.m2\repository\javax\servlet\javax.servlet-api\3.1.0\javax.servlet-api-3.1.0.jar;C:\Users\xinyingquan\.m2\repository\com\fasterxml\jackson\core\jackson-databind\2.3.3\jackson-databind-2.3.3.jar;C:\Users\xinyingquan\.m2\repository\com\fasterxml\jackson\core\jackson-core\2.3.3\jackson-core-2.3.3.jar;C:\Users\xinyingquan\.m2\repository\com\fasterxml\jackson\core\jackson-annotations\2.3.3\jackson-annotations-2.3.3.jar;C:\Users\xinyingquan\.m2\repository\org\jvnet\hudson\trilead-ssh2\build212-hudson-6\trilead-ssh2-build212-hudson-6.jar;C:\Users\xinyingquan\.m2\repository\org\postgresql\postgresql\42.1.1\postgresql-42.1.1.jar;C:\Users\xinyingquan\.m2\repository\com\alibaba\druid\1.0.9\druid-1.0.9.jar;C:\Program Files\Java\jdk1.8.0_101\jre\..\lib\jconsole.jar;C:\Program Files\Java\jdk1.8.0_101\jre\..\lib\tools.jar;C:\Users\xinyingquan\.m2\repository\org\springframework\spring-core\4.1.2.RELEASE\spring-core-4.1.2.RELEASE.jar;C:\Users\xinyingquan\.m2\repository\org\springframework\spring-jdbc\4.1.2.RELEASE\spring-jdbc-4.1.2.RELEASE.jar;C:\Users\xinyingquan\.m2\repository\org\springframework\spring-tx\4.1.2.RELEASE\spring-tx-4.1.2.RELEASE.jar;C:\Users\xinyingquan\.m2\repository\org\springframework\spring-beans\4.1.2.RELEASE\spring-beans-4.1.2.RELEASE.jar;C:\Users\xinyingquan\.m2\repository\commons-logging\commons-logging\1.1.1\commons-logging-1.1.1.jar;C:\Users\xinyingquan\.m2\repository\commons-beanutils\commons-beanutils\1.9.2\commons-beanutils-1.9.2.jar;C:\Users\xinyingquan\.m2\repository\commons-collections\commons-collections\3.2.1\commons-collections-3.2.1.jar;"/>
    <property name="sun.cpu.endian" value="little"/>
    <property name="user.home" value="C:\Users\xinyingquan"/>
    <property name="user.language" value="zh"/>
    <property name="java.specification.vendor" value="Oracle Corporation"/>
    <property name="java.home" value="C:\Program Files\Java\jdk1.8.0_101\jre"/>
    <property name="basedir" value="C:\Users\xinyingquan\IdeaProjects\realtimelogs"/>
    <property name="file.separator" value="\"/>
    <property name="line.separator" value="&#10;"/>
    <property name="java.vm.specification.vendor" value="Oracle Corporation"/>
    <property name="java.specification.name" value="Java Platform API Specification"/>
    <property name="java.awt.graphicsenv" value="sun.awt.Win32GraphicsEnvironment"/>
    <property name="surefire.real.class.path" value="C:\Users\xinyingquan\AppData\Local\Temp\surefire4091800682857958211\surefirebooter9051176413422122926.jar"/>
    <property name="sun.boot.class.path" value="C:\Program Files\Java\jdk1.8.0_101\jre\lib\resources.jar;C:\Program Files\Java\jdk1.8.0_101\jre\lib\rt.jar;C:\Program Files\Java\jdk1.8.0_101\jre\lib\sunrsasign.jar;C:\Program Files\Java\jdk1.8.0_101\jre\lib\jsse.jar;C:\Program Files\Java\jdk1.8.0_101\jre\lib\jce.jar;C:\Program Files\Java\jdk1.8.0_101\jre\lib\charsets.jar;C:\Program Files\Java\jdk1.8.0_101\jre\lib\jfr.jar;C:\Program Files\Java\jdk1.8.0_101\jre\classes"/>
    <property name="user.script" value=""/>
    <property name="sun.management.compiler" value="HotSpot 64-Bit Tiered Compilers"/>
    <property name="java.runtime.version" value="1.8.0_101-b13"/>
    <property name="user.name" value="xinyingquan"/>
    <property name="path.separator" value=";"/>
    <property name="os.version" value="10.0"/>
    <property name="java.endorsed.dirs" value="C:\Program Files\Java\jdk1.8.0_101\jre\lib\endorsed"/>
    <property name="java.runtime.name" value="Java(TM) SE Runtime Environment"/>
    <property name="file.encoding" value="GBK"/>
    <property name="java.vm.name" value="Java HotSpot(TM) 64-Bit Server VM"/>
    <property name="localRepository" value="C:\Users\xinyingquan\.m2\repository"/>
    <property name="java.vendor.url.bug" value="http://bugreport.sun.com/bugreport/"/>
    <property name="java.io.tmpdir" value="C:\Users\xinyingquan\AppData\Local\Temp\"/>
    <property name="idea.version" value="2017.3.2"/>
    <property name="java.version" value="1.8.0_101"/>
    <property name="user.dir" value="C:\Users\xinyingquan\IdeaProjects\realtimelogs"/>
    <property name="os.arch" value="amd64"/>
    <property name="java.vm.specification.name" value="Java Virtual Machine Specification"/>
    <property name="java.awt.printerjob" value="sun.awt.windows.WPrinterJob"/>
    <property name="sun.os.patch.level" value=""/>
    <property name="java.library.path" value="C:\Program Files\Java\jdk1.8.0_101\jre\bin;C:\windows\Sun\Java\bin;C:\windows\system32;C:\windows;D:\Java\jdk-8u101\bin;C:\windows\system32;C:\windows;C:\windows\System32\Wbem;C:\windows\System32\WindowsPowerShell\v1.0\;C:\windows\System32\OpenSSH\;D:\apache-maven-3.6.1\bin;C:\Users\xinyingquan\AppData\Local\Microsoft\WindowsApps;;."/>
    <property name="java.vm.info" value="mixed mode"/>
    <property name="java.vendor" value="Oracle Corporation"/>
    <property name="java.vm.version" value="25.101-b13"/>
    <property name="java.ext.dirs" value="C:\Program Files\Java\jdk1.8.0_101\jre\lib\ext;C:\windows\Sun\Java\lib\ext"/>
    <property name="sun.io.unicode.encoding" value="UnicodeLittle"/>
    <property name="java.class.version" value="52.0"/>
  </properties>
  <testcase name="testLogin" classname="TestUserServlet" time="0.016"/>
</testsuite>